<?xml version="1.0" encoding="UTF-8"?>
<testsuite name="ru.stqa.pft.addressbook.tests.ContactCreationTests" tests="3" skipped="0" failures="0" errors="0" timestamp="2017-09-13T15:36:14" hostname="Sergey-NTB" time="5.741">
  <properties/>
  <testcase name="testContactCreation[0](ContactData{id=2147483647, name='Name 0'})" classname="ru.stqa.pft.addressbook.tests.ContactCreationTests" time="2.056"/>
  <testcase name="testContactCreation[1](ContactData{id=2147483647, name='Name 1'})" classname="ru.stqa.pft.addressbook.tests.ContactCreationTests" time="1.81"/>
  <testcase name="testContactCreation[2](ContactData{id=2147483647, name='Name 2'})" classname="ru.stqa.pft.addressbook.tests.ContactCreationTests" time="1.872"/>
  <system-out><![CDATA[]]></system-out>
  <system-err><![CDATA[]]></system-err>
</testsuite>
